deblurIt/build/outputs/logs/manifest-merger-debug-report.txt
-- Merging decision tree log ---
manifest
ADDED from src\main\AndroidManifest.xml:1:1-119:12
	xmlns:android
		ADDED from src\main\AndroidManifest.xml:1:11-69
	package
		ADDED from src\main\AndroidManifest.xml:2:5-35
		INJECTED from src\main\AndroidManifest.xml
		INJECTED from src\main\AndroidManifest.xml
	android:versionName
		ADDED from src\main\AndroidManifest.xml:4:5-32
		INJECTED from src\main\AndroidManifest.xml
		INJECTED from src\main\AndroidManifest.xml
	android:versionCode
		ADDED from src\main\AndroidManifest.xml:3:5-29
		INJECTED from src\main\AndroidManifest.xml
		INJECTED from src\main\AndroidManifest.xml
uses-permission#android.permission.WRITE_EXTERNAL_STORAGE
ADDED from src\main\AndroidManifest.xml:6:5-81
	android:name
		ADDED from src\main\AndroidManifest.xml:6:22-78
uses-permission#android.permission.INTERNET
ADDED from src\main\AndroidManifest.xml:7:5-67
	android:name
		ADDED from src\main\AndroidManifest.xml:7:22-64
uses-permission#com.android.vending.CHECK_LICENSE
ADDED from src\main\AndroidManifest.xml:8:5-73
	android:name
		ADDED from src\main\AndroidManifest.xml:8:22-70
uses-permission#android.permission.ACCESS_NETWORK_STATE
ADDED from src\main\AndroidManifest.xml:9:5-78
	android:name
		ADDED from src\main\AndroidManifest.xml:9:22-76
uses-permission#android.permission.READ_LOGS
ADDED from src\main\AndroidManifest.xml:10:5-68
	android:name
		ADDED from src\main\AndroidManifest.xml:10:22-65
uses-feature#android.hardware.camera
ADDED from src\main\AndroidManifest.xml:12:2-81
	android:name
		ADDED from src\main\AndroidManifest.xml:12:16-54
	android:required
		ADDED from src\main\AndroidManifest.xml:12:55-79
uses-sdk
ADDED from src\main\AndroidManifest.xml:14:5-16:41
MERGED from [com.actionbarsherlock:actionbarsherlock:4.4.0] AndroidManifest.xml:3:3-70
MERGED from [com.android.support:support-v4:23.0.0] AndroidManifest.xml:20:5-43
	android:targetSdkVersion
		ADDED from src\main\AndroidManifest.xml:16:9-38
		INJECTED from src\main\AndroidManifest.xml
		INJECTED from src\main\AndroidManifest.xml
	android:minSdkVersion
		ADDED from src\main\AndroidManifest.xml:15:9-34
		INJECTED from src\main\AndroidManifest.xml
		INJECTED from src\main\AndroidManifest.xml
application
ADDED from src\main\AndroidManifest.xml:18:5-117:19
MERGED from [com.actionbarsherlock:actionbarsherlock:4.4.0] AndroidManifest.xml:4:3-17
MERGED from [com.android.support:support-v4:23.0.0] AndroidManifest.xml:22:5-20
	android:icon
		ADDED from src\main\AndroidManifest.xml:20:9-45
	android:label
		ADDED from src\main\AndroidManifest.xml:21:9-41
	android:theme
		ADDED from src\main\AndroidManifest.xml:23:9-46
	android:largeHeap
		ADDED from src\main\AndroidManifest.xml:22:9-33
	android:name
		ADDED from src\main\AndroidManifest.xml:19:9-44
activity#org.acra.CrashReportDialog
ADDED from src\main\AndroidManifest.xml:24:9-29:59
	android:launchMode
		ADDED from src\main\AndroidManifest.xml:28:13-48
	android:name
		ADDED from src\main\AndroidManifest.xml:25:13-54
	android:finishOnTaskLaunch
		ADDED from src\main\AndroidManifest.xml:27:13-46
	android:excludeFromRecents
		ADDED from src\main\AndroidManifest.xml:26:13-46
	android:theme
		ADDED from src\main\AndroidManifest.xml:29:13-56
activity#tk.standy66.deblurit.UnsharpPreviewActivity
ADDED from src\main\AndroidManifest.xml:30:9-37:20
	android:name
		ADDED from src\main\AndroidManifest.xml:31:13-51
	android:label
		ADDED from src\main\AndroidManifest.xml:32:13-67
	android:configChanges
		ADDED from src\main\AndroidManifest.xml:33:13-48
intent-filter#android.intent.action.MAIN
ADDED from src\main\AndroidManifest.xml:34:13-36:29
action#android.intent.action.MAIN
ADDED from src\main\AndroidManifest.xml:35:17-69
	android:name
		ADDED from src\main\AndroidManifest.xml:35:25-66
activity#tk.standy66.deblurit.DeconvolutionPreviewActivity
ADDED from src\main\AndroidManifest.xml:38:9-45:20
	android:label
		ADDED from src\main\AndroidManifest.xml:40:13-73
	android:configChanges
		ADDED from src\main\AndroidManifest.xml:41:13-48
	android:name
		ADDED from src\main\AndroidManifest.xml:39:13-57
activity#tk.standy66.deblurit.ProgressActivity
ADDED from src\main\AndroidManifest.xml:46:9-53:20
	android:excludeFromRecents
		ADDED from src\main\AndroidManifest.xml:48:13-46
	android:name
		ADDED from src\main\AndroidManifest.xml:47:13-45
	android:label
		ADDED from src\main\AndroidManifest.xml:49:13-60
activity#tk.standy66.deblurit.FinishActivity
ADDED from src\main\AndroidManifest.xml:54:9-61:20
	android:label
		ADDED from src\main\AndroidManifest.xml:57:13-58
	android:name
		ADDED from src\main\AndroidManifest.xml:55:13-43
	android:excludeFromRecents
		ADDED from src\main\AndroidManifest.xml:56:13-46
service#tk.standy66.deblurit.ProcessingService
ADDED from src\main\AndroidManifest.xml:63:9-64:19
	android:name
		ADDED from src\main\AndroidManifest.xml:63:18-51
activity#tk.standy66.deblurit.GlobalPreferenceActivity
ADDED from src\main\AndroidManifest.xml:66:9-73:20
	android:label
		ADDED from src\main\AndroidManifest.xml:69:13-62
	android:name
		ADDED from src\main\AndroidManifest.xml:67:13-53
	android:excludeFromRecents
		ADDED from src\main\AndroidManifest.xml:68:13-46
activity#tk.standy66.deblurit.FeedbackActivity
ADDED from src\main\AndroidManifest.xml:74:9-82:20
	android:name
		ADDED from src\main\AndroidManifest.xml:75:13-45
	android:excludeFromRecents
		ADDED from src\main\AndroidManifest.xml:76:13-46
	android:theme
		ADDED from src\main\AndroidManifest.xml:78:13-56
	android:label
		ADDED from src\main\AndroidManifest.xml:77:13-60
activity#tk.standy66.deblurit.AboutActivity
ADDED from src\main\AndroidManifest.xml:83:9-91:20
	android:label
		ADDED from src\main\AndroidManifest.xml:86:13-57
	android:theme
		ADDED from src\main\AndroidManifest.xml:87:13-56
	android:excludeFromRecents
		ADDED from src\main\AndroidManifest.xml:85:13-46
	android:name
		ADDED from src\main\AndroidManifest.xml:84:13-42
activity#tk.standy66.deblurit.TextViewerActivity
ADDED from src\main\AndroidManifest.xml:92:9-100:20
	android:name
		ADDED from src\main\AndroidManifest.xml:93:13-47
	android:excludeFromRecents
		ADDED from src\main\AndroidManifest.xml:94:13-46
	android:label
		ADDED from src\main\AndroidManifest.xml:95:13-63
	android:theme
		ADDED from src\main\AndroidManifest.xml:96:13-56
activity#tk.standy66.deblurit.WelcomeActivity
ADDED from src\main\AndroidManifest.xml:101:9-109:20
	android:label
		ADDED from src\main\AndroidManifest.xml:103:13-59
	android:name
		ADDED from src\main\AndroidManifest.xml:102:13-44
intent-filter#android.intent.action.MAIN+android.intent.category.LAUNCHER
ADDED from src\main\AndroidManifest.xml:104:13-108:29
category#android.intent.category.LAUNCHER
ADDED from src\main\AndroidManifest.xml:107:17-77
	android:name
		ADDED from src\main\AndroidManifest.xml:107:27-74
activity#tk.standy66.deblurit.HelpActivity
ADDED from src\main\AndroidManifest.xml:110:9-116:20
	android:label
		ADDED from src\main\AndroidManifest.xml:112:13-56
	android:name
		ADDED from src\main\AndroidManifest.xml:111:13-41